2022-12-10 18:46:13,230 ERROR frappe Could not take error snapshot: characters_written
Site: jobpro.local
Form Dict: {'email': 'aarthi123@gmail.com', 'name': 'Aarthi', 'cmd': 'jobpro.custom.create_user'}
Traceback (most recent call last):
  File "/home/teampro/jobpro-bench/apps/frappe/frappe/app.py", line 69, in application
    response = frappe.api.handle()
  File "/home/teampro/jobpro-bench/apps/frappe/frappe/api.py", line 54, in handle
    return frappe.handler.handle()
  File "/home/teampro/jobpro-bench/apps/frappe/frappe/handler.py", line 45, in handle
    data = execute_cmd(cmd)
  File "/home/teampro/jobpro-bench/apps/frappe/frappe/handler.py", line 83, in execute_cmd
    return frappe.call(method, **frappe.form_dict)
  File "/home/teampro/jobpro-bench/apps/frappe/frappe/__init__.py", line 1587, in call
    return fn(*args, **newargs)
  File "/home/teampro/jobpro-bench/apps/jobpro/jobpro/custom.py", line 13, in create_user
    user.add_roles("Job Applicant")
  File "/home/teampro/jobpro-bench/apps/frappe/frappe/core/doctype/user/user.py", line 487, in add_roles
    self.save()
  File "/home/teampro/jobpro-bench/apps/frappe/frappe/model/document.py", line 303, in save
    return self._save(*args, **kwargs)
  File "/home/teampro/jobpro-bench/apps/frappe/frappe/model/document.py", line 325, in _save
    return self.insert()
  File "/home/teampro/jobpro-bench/apps/frappe/frappe/model/document.py", line 283, in insert
    self.run_post_save_methods()
  File "/home/teampro/jobpro-bench/apps/frappe/frappe/model/document.py", line 1076, in run_post_save_methods
    self.run_method("on_update")
  File "/home/teampro/jobpro-bench/apps/frappe/frappe/model/document.py", line 908, in run_method
    out = Document.hook(fn)(self, *args, **kwargs)
  File "/home/teampro/jobpro-bench/apps/frappe/frappe/model/document.py", line 1260, in composer
    return composed(self, method, *args, **kwargs)
  File "/home/teampro/jobpro-bench/apps/frappe/frappe/model/document.py", line 1242, in runner
    add_to_return_value(self, fn(self, *args, **kwargs))
  File "/home/teampro/jobpro-bench/apps/frappe/frappe/model/document.py", line 905, in fn
    return method_object(*args, **kwargs)
  File "/home/teampro/jobpro-bench/apps/frappe/frappe/core/doctype/user/user.py", line 124, in on_update
    self.send_password_notification(self.__new_password)
  File "/home/teampro/jobpro-bench/apps/frappe/frappe/core/doctype/user/user.py", line 264, in send_password_notification
    self.send_welcome_mail_to_user()
  File "/home/teampro/jobpro-bench/apps/frappe/frappe/core/doctype/user/user.py", line 335, in send_welcome_mail_to_user
    self.send_login_mail(
  File "/home/teampro/jobpro-bench/apps/frappe/frappe/core/doctype/user/user.py", line 367, in send_login_mail
    frappe.sendmail(
  File "/home/teampro/jobpro-bench/apps/frappe/frappe/__init__.py", line 708, in sendmail
    builder.process(send_now=now)
  File "/home/teampro/jobpro-bench/apps/frappe/frappe/email/doctype/email_queue/email_queue.py", line 663, in process
    send_now and q.send()
  File "/home/teampro/jobpro-bench/apps/frappe/frappe/email/doctype/email_queue/email_queue.py", line 140, in send
    ctx.smtp_session.sendmail(from_addr=self.sender, to_addrs=recipient.recipient, msg=message)
  File "/usr/lib/python3.10/smtplib.py", line 887, in sendmail
    raise SMTPSenderRefused(code, resp, from_addr)
smtplib.SMTPSenderRefused: (553, b'5.7.1 Sender address rejected: not owned by auth user. 1670678168-6Gb4KEAZJeA1-6RpMwbeS', 'JANISHA <janisha.g@groupteampro.com>')

During handling of the above exception, another exception occurred:

Traceback (most recent call last):
  File "/home/teampro/jobpro-bench/apps/frappe/frappe/utils/error.py", line 47, in make_error_snapshot
    snapshot = get_snapshot(exception)
  File "/home/teampro/jobpro-bench/apps/frappe/frappe/utils/error.py", line 140, in get_snapshot
    value = pydoc.text.repr(getattr(evalue, name))
AttributeError: characters_written
2022-12-10 18:47:22,725 ERROR frappe New Exception collected with id: 2022-12-10 18:47:21.389541-127.0.0.1-2d0
Site: jobpro.local
Form Dict: {'cmd': 'erpnext.support.doctype.service_level_agreement.service_level_agreement.get_sla_doctypes'}
2022-12-10 18:48:26,818 ERROR frappe New Exception collected with id: 2022-12-10 18:48:26.495416-127.0.0.1-9f7
Site: jobpro.local
Form Dict: {'email': 'aarthi123@gmail.com', 'name': 'Aarthi', 'cmd': 'jobpro.custom.create_user'}
2022-12-10 18:49:32,093 ERROR frappe Could not take error snapshot: characters_written
Site: jobpro.local
Form Dict: {'email': 'aarthi123@gmail.com', 'name': 'Aarthi', 'cmd': 'jobpro.custom.create_user'}
Traceback (most recent call last):
  File "/home/teampro/jobpro-bench/apps/frappe/frappe/app.py", line 69, in application
    response = frappe.api.handle()
  File "/home/teampro/jobpro-bench/apps/frappe/frappe/api.py", line 54, in handle
    return frappe.handler.handle()
  File "/home/teampro/jobpro-bench/apps/frappe/frappe/handler.py", line 45, in handle
    data = execute_cmd(cmd)
  File "/home/teampro/jobpro-bench/apps/frappe/frappe/handler.py", line 83, in execute_cmd
    return frappe.call(method, **frappe.form_dict)
  File "/home/teampro/jobpro-bench/apps/frappe/frappe/__init__.py", line 1587, in call
    return fn(*args, **newargs)
  File "/home/teampro/jobpro-bench/apps/jobpro/jobpro/custom.py", line 21, in create_user
    user.add_roles("Job Applicant")
  File "/home/teampro/jobpro-bench/apps/frappe/frappe/core/doctype/user/user.py", line 487, in add_roles
    self.save()
  File "/home/teampro/jobpro-bench/apps/frappe/frappe/model/document.py", line 303, in save
    return self._save(*args, **kwargs)
  File "/home/teampro/jobpro-bench/apps/frappe/frappe/model/document.py", line 325, in _save
    return self.insert()
  File "/home/teampro/jobpro-bench/apps/frappe/frappe/model/document.py", line 283, in insert
    self.run_post_save_methods()
  File "/home/teampro/jobpro-bench/apps/frappe/frappe/model/document.py", line 1076, in run_post_save_methods
    self.run_method("on_update")
  File "/home/teampro/jobpro-bench/apps/frappe/frappe/model/document.py", line 908, in run_method
    out = Document.hook(fn)(self, *args, **kwargs)
  File "/home/teampro/jobpro-bench/apps/frappe/frappe/model/document.py", line 1260, in composer
    return composed(self, method, *args, **kwargs)
  File "/home/teampro/jobpro-bench/apps/frappe/frappe/model/document.py", line 1242, in runner
    add_to_return_value(self, fn(self, *args, **kwargs))
  File "/home/teampro/jobpro-bench/apps/frappe/frappe/model/document.py", line 905, in fn
    return method_object(*args, **kwargs)
  File "/home/teampro/jobpro-bench/apps/frappe/frappe/core/doctype/user/user.py", line 124, in on_update
    self.send_password_notification(self.__new_password)
  File "/home/teampro/jobpro-bench/apps/frappe/frappe/core/doctype/user/user.py", line 264, in send_password_notification
    self.send_welcome_mail_to_user()
  File "/home/teampro/jobpro-bench/apps/frappe/frappe/core/doctype/user/user.py", line 335, in send_welcome_mail_to_user
    self.send_login_mail(
  File "/home/teampro/jobpro-bench/apps/frappe/frappe/core/doctype/user/user.py", line 367, in send_login_mail
    frappe.sendmail(
  File "/home/teampro/jobpro-bench/apps/frappe/frappe/__init__.py", line 708, in sendmail
    builder.process(send_now=now)
  File "/home/teampro/jobpro-bench/apps/frappe/frappe/email/doctype/email_queue/email_queue.py", line 663, in process
    send_now and q.send()
  File "/home/teampro/jobpro-bench/apps/frappe/frappe/email/doctype/email_queue/email_queue.py", line 140, in send
    ctx.smtp_session.sendmail(from_addr=self.sender, to_addrs=recipient.recipient, msg=message)
  File "/usr/lib/python3.10/smtplib.py", line 887, in sendmail
    raise SMTPSenderRefused(code, resp, from_addr)
smtplib.SMTPSenderRefused: (553, b'5.7.1 Sender address rejected: not owned by auth user. 1670678367-PJb75DAY5Ko1-yr55csyu', 'JANISHA <janisha.g@groupteampro.com>')

During handling of the above exception, another exception occurred:

Traceback (most recent call last):
  File "/home/teampro/jobpro-bench/apps/frappe/frappe/utils/error.py", line 47, in make_error_snapshot
    snapshot = get_snapshot(exception)
  File "/home/teampro/jobpro-bench/apps/frappe/frappe/utils/error.py", line 140, in get_snapshot
    value = pydoc.text.repr(getattr(evalue, name))
AttributeError: characters_written
2022-12-12 07:39:20,855 ERROR frappe Could not take error snapshot: characters_written
Site: jobpro.local
Form Dict: {'email': 'jaanii123@gmail.com', 'name': 'jaanii', 'cmd': 'jobpro.custom.create_user'}
Traceback (most recent call last):
  File "/home/teampro/jobpro-bench/apps/frappe/frappe/app.py", line 69, in application
    response = frappe.api.handle()
  File "/home/teampro/jobpro-bench/apps/frappe/frappe/api.py", line 54, in handle
    return frappe.handler.handle()
  File "/home/teampro/jobpro-bench/apps/frappe/frappe/handler.py", line 45, in handle
    data = execute_cmd(cmd)
  File "/home/teampro/jobpro-bench/apps/frappe/frappe/handler.py", line 83, in execute_cmd
    return frappe.call(method, **frappe.form_dict)
  File "/home/teampro/jobpro-bench/apps/frappe/frappe/__init__.py", line 1587, in call
    return fn(*args, **newargs)
  File "/home/teampro/jobpro-bench/apps/jobpro/jobpro/custom.py", line 21, in create_user
    user.add_roles("Job Applicant")
  File "/home/teampro/jobpro-bench/apps/frappe/frappe/core/doctype/user/user.py", line 487, in add_roles
    self.save()
  File "/home/teampro/jobpro-bench/apps/frappe/frappe/model/document.py", line 303, in save
    return self._save(*args, **kwargs)
  File "/home/teampro/jobpro-bench/apps/frappe/frappe/model/document.py", line 325, in _save
    return self.insert()
  File "/home/teampro/jobpro-bench/apps/frappe/frappe/model/document.py", line 283, in insert
    self.run_post_save_methods()
  File "/home/teampro/jobpro-bench/apps/frappe/frappe/model/document.py", line 1076, in run_post_save_methods
    self.run_method("on_update")
  File "/home/teampro/jobpro-bench/apps/frappe/frappe/model/document.py", line 908, in run_method
    out = Document.hook(fn)(self, *args, **kwargs)
  File "/home/teampro/jobpro-bench/apps/frappe/frappe/model/document.py", line 1260, in composer
    return composed(self, method, *args, **kwargs)
  File "/home/teampro/jobpro-bench/apps/frappe/frappe/model/document.py", line 1242, in runner
    add_to_return_value(self, fn(self, *args, **kwargs))
  File "/home/teampro/jobpro-bench/apps/frappe/frappe/model/document.py", line 905, in fn
    return method_object(*args, **kwargs)
  File "/home/teampro/jobpro-bench/apps/frappe/frappe/core/doctype/user/user.py", line 124, in on_update
    self.send_password_notification(self.__new_password)
  File "/home/teampro/jobpro-bench/apps/frappe/frappe/core/doctype/user/user.py", line 264, in send_password_notification
    self.send_welcome_mail_to_user()
  File "/home/teampro/jobpro-bench/apps/frappe/frappe/core/doctype/user/user.py", line 335, in send_welcome_mail_to_user
    self.send_login_mail(
  File "/home/teampro/jobpro-bench/apps/frappe/frappe/core/doctype/user/user.py", line 367, in send_login_mail
    frappe.sendmail(
  File "/home/teampro/jobpro-bench/apps/frappe/frappe/__init__.py", line 708, in sendmail
    builder.process(send_now=now)
  File "/home/teampro/jobpro-bench/apps/frappe/frappe/email/doctype/email_queue/email_queue.py", line 663, in process
    send_now and q.send()
  File "/home/teampro/jobpro-bench/apps/frappe/frappe/email/doctype/email_queue/email_queue.py", line 140, in send
    ctx.smtp_session.sendmail(from_addr=self.sender, to_addrs=recipient.recipient, msg=message)
  File "/usr/lib/python3.10/smtplib.py", line 887, in sendmail
    raise SMTPSenderRefused(code, resp, from_addr)
smtplib.SMTPSenderRefused: (553, b'5.7.1 Sender address rejected: not owned by auth user. 1670810955-B9SmnhOZiiE1-qnKZJJ69', 'JANISHA <janisha.g@groupteampro.com>')

During handling of the above exception, another exception occurred:

Traceback (most recent call last):
  File "/home/teampro/jobpro-bench/apps/frappe/frappe/utils/error.py", line 47, in make_error_snapshot
    snapshot = get_snapshot(exception)
  File "/home/teampro/jobpro-bench/apps/frappe/frappe/utils/error.py", line 140, in get_snapshot
    value = pydoc.text.repr(getattr(evalue, name))
AttributeError: characters_written
2022-12-12 07:45:35,381 ERROR frappe New Exception collected with id: 2022-12-12 07:45:35.225610-127.0.0.1-57a
Site: jobpro.local
Form Dict: {'sid': '1bdd71c5eb43dbae6f800d5c87d4a510965c81a80c4035bdb2261923', 'doctype': 'Joining Form', 'docname': 'jaanii123@gmail.com', 'cmd': 'frappe.realtime.can_subscribe_doc'}
2022-12-12 07:47:24,729 ERROR frappe New Exception collected with id: 2022-12-12 07:47:24.578026-127.0.0.1-60b
Site: jobpro.local
Form Dict: {'doctype': 'Employee', 'name': 'HR-EMP-00001', 'items': '["Attendance","Attendance Request","Employee Checkin","Leave Application","Leave Allocation","Leave Policy Assignment","Employee Onboarding","Employee Transfer","Employee Promotion","Employee Grievance","Employee Separation","Exit Interview","Full and Final Statement","Shift Request","Shift Assignment","Expense Claim","Travel Request","Employee Advance","Employee Benefit Application","Employee Benefit Claim","Salary Structure Assignment","Salary Slip","Additional Salary","Timesheet","Employee Incentive","Retention Bonus","Bank Account","Training Event","Training Result","Training Feedback","Employee Skill Map","Appraisal"]', 'cmd': 'hrms.overrides.employee_master.get_timeline_data'}
2022-12-12 07:57:03,455 ERROR frappe Could not take error snapshot: characters_written
Site: jobpro.local
Form Dict: {'email': 'ramyaa123@gmail.com', 'name': 'Ramya', 'cmd': 'jobpro.custom.create_user'}
Traceback (most recent call last):
  File "/home/teampro/jobpro-bench/apps/frappe/frappe/app.py", line 69, in application
    response = frappe.api.handle()
  File "/home/teampro/jobpro-bench/apps/frappe/frappe/api.py", line 54, in handle
    return frappe.handler.handle()
  File "/home/teampro/jobpro-bench/apps/frappe/frappe/handler.py", line 45, in handle
    data = execute_cmd(cmd)
  File "/home/teampro/jobpro-bench/apps/frappe/frappe/handler.py", line 83, in execute_cmd
    return frappe.call(method, **frappe.form_dict)
  File "/home/teampro/jobpro-bench/apps/frappe/frappe/__init__.py", line 1587, in call
    return fn(*args, **newargs)
  File "/home/teampro/jobpro-bench/apps/jobpro/jobpro/custom.py", line 21, in create_user
    user.add_roles("Job Applicant")
  File "/home/teampro/jobpro-bench/apps/frappe/frappe/core/doctype/user/user.py", line 487, in add_roles
    self.save()
  File "/home/teampro/jobpro-bench/apps/frappe/frappe/model/document.py", line 303, in save
    return self._save(*args, **kwargs)
  File "/home/teampro/jobpro-bench/apps/frappe/frappe/model/document.py", line 325, in _save
    return self.insert()
  File "/home/teampro/jobpro-bench/apps/frappe/frappe/model/document.py", line 283, in insert
    self.run_post_save_methods()
  File "/home/teampro/jobpro-bench/apps/frappe/frappe/model/document.py", line 1076, in run_post_save_methods
    self.run_method("on_update")
  File "/home/teampro/jobpro-bench/apps/frappe/frappe/model/document.py", line 908, in run_method
    out = Document.hook(fn)(self, *args, **kwargs)
  File "/home/teampro/jobpro-bench/apps/frappe/frappe/model/document.py", line 1260, in composer
    return composed(self, method, *args, **kwargs)
  File "/home/teampro/jobpro-bench/apps/frappe/frappe/model/document.py", line 1242, in runner
    add_to_return_value(self, fn(self, *args, **kwargs))
  File "/home/teampro/jobpro-bench/apps/frappe/frappe/model/document.py", line 905, in fn
    return method_object(*args, **kwargs)
  File "/home/teampro/jobpro-bench/apps/frappe/frappe/core/doctype/user/user.py", line 124, in on_update
    self.send_password_notification(self.__new_password)
  File "/home/teampro/jobpro-bench/apps/frappe/frappe/core/doctype/user/user.py", line 264, in send_password_notification
    self.send_welcome_mail_to_user()
  File "/home/teampro/jobpro-bench/apps/frappe/frappe/core/doctype/user/user.py", line 335, in send_welcome_mail_to_user
    self.send_login_mail(
  File "/home/teampro/jobpro-bench/apps/frappe/frappe/core/doctype/user/user.py", line 367, in send_login_mail
    frappe.sendmail(
  File "/home/teampro/jobpro-bench/apps/frappe/frappe/__init__.py", line 708, in sendmail
    builder.process(send_now=now)
  File "/home/teampro/jobpro-bench/apps/frappe/frappe/email/doctype/email_queue/email_queue.py", line 663, in process
    send_now and q.send()
  File "/home/teampro/jobpro-bench/apps/frappe/frappe/email/doctype/email_queue/email_queue.py", line 140, in send
    ctx.smtp_session.sendmail(from_addr=self.sender, to_addrs=recipient.recipient, msg=message)
  File "/usr/lib/python3.10/smtplib.py", line 887, in sendmail
    raise SMTPSenderRefused(code, resp, from_addr)
smtplib.SMTPSenderRefused: (553, b'5.7.1 Sender address rejected: not owned by auth user. 1670812018-tQS0tJPZJ0U1-4dgJSiBH', 'JANISHA <janisha.g@groupteampro.com>')

During handling of the above exception, another exception occurred:

Traceback (most recent call last):
  File "/home/teampro/jobpro-bench/apps/frappe/frappe/utils/error.py", line 47, in make_error_snapshot
    snapshot = get_snapshot(exception)
  File "/home/teampro/jobpro-bench/apps/frappe/frappe/utils/error.py", line 140, in get_snapshot
    value = pydoc.text.repr(getattr(evalue, name))
AttributeError: characters_written
2022-12-12 08:03:46,234 ERROR frappe New Exception collected with id: 2022-12-12 08:03:46.045054-127.0.0.1-9ba
Site: jobpro.local
Form Dict: {'sid': 'c701d34685acb6b4a55bc239ce94ccdaad2fe777e7d0f49575ac787d', 'doctype': 'Joining Form', 'docname': 'ramyaa123@gmail.com', 'cmd': 'frappe.realtime.can_subscribe_doc'}
2022-12-19 18:49:47,941 ERROR frappe New Exception collected with id: 2022-12-19 18:49:47.631160-127.0.0.1-c71
Site: jobpro.local
Form Dict: {'page_id': 'About', 'cmd': 'go1_cms.go1_cms.doctype.web_page_builder.web_page_builder.save_as_template'}
2022-12-20 10:21:31,828 ERROR frappe New Exception collected with id: 2022-12-20 10:21:29.946465-127.0.0.1-804
Site: jobpro.local
Form Dict: {}
2022-12-20 11:43:28,059 ERROR frappe New Exception collected with id: 2022-12-20 11:43:27.951597-127.0.0.1-9c8
Site: jobpro.local
Form Dict: {}
2022-12-20 15:12:59,656 ERROR frappe New Exception collected with id: 2022-12-20 15:12:59.621770-127.0.0.1-04d
Site: jobpro.local
Form Dict: {'is_private': '1', 'folder': 'Home', 'optimize': 'true', 'cmd': 'upload_file'}
2022-12-20 15:14:43,923 ERROR frappe New Exception collected with id: 2022-12-20 15:14:43.918674-127.0.0.1-f29
Site: jobpro.local
Form Dict: {'is_private': '1', 'folder': 'Home', 'optimize': 'true', 'cmd': 'upload_file'}
2022-12-20 15:41:29,925 ERROR frappe New Exception collected with id: 2022-12-20 15:41:29.874495-127.0.0.1-c2a
Site: jobpro.local
Form Dict: {'doc': '{"name":"Contact Us","owner":"janisha.g@groupteampro.com","creation":"2022-12-20 11:48:25.280708","modified":"2022-12-20 15:39:59.170753","modified_by":"janisha.g@groupteampro.com","docstatus":0,"idx":0,"business":"","page_title":"Contact Us","page_type":"Responsive","w_page_type":"Regular","use_page_builder":1,"published":1,"route":"p/contact-us","hf_settings":"Custom","header_component":"TEAMPRO","enable_side_menu":0,"side_menu_position":"Left","redirect_to_detail_":1,"sort_by":"ASC","edit_header_style":0,"menu_hover_bg":"#FFFFFF","is_transparent_header":0,"menu_hover_text_color":"#222222","menu_text_color":"#FFFFFF","enable_related_items":0,"related_records_count":"10","enable_recent_posts":0,"recent_records_count":5,"enable_sub_header":0,"title_text_transform":"None","enable_breadcrumbs":0,"is_transparent_sub_header":0,"container_max_width":"50%","dis_web_theme_subheader":0,"page_title_tag":"H1","title_text_align":"Left","text_color":"#ffffff","file_path":"","meta_title":"Contact Us","meta_description":"About: Contact Us","meta_keywords":"Contact, Us","is_converted_to_template":1,"is_location_based":0,"doctype":"Web Page Builder","web_section":[{"docstatus":0,"doctype":"Mobile Page Section","name":"new-mobile-page-section-5","__islocal":1,"__unsaved":1,"owner":"janisha.g@groupteampro.com","allow_update_to_style":1,"column_index":1,"parent":"Contact Us","parentfield":"web_section","parenttype":"Web Page Builder","idx":1,"section":"PS-22-00073","section_type":"Slider","content_type":""}],"mobile_section":[],"__onload":{"is_website_generator":true,"published":true},"__last_sync_on":"2022-12-20T10:11:18.310Z","__unsaved":1}', 'action': 'Save', 'cmd': 'frappe.desk.form.save.savedocs'}
2022-12-20 17:38:57,346 ERROR frappe New Exception collected with id: 2022-12-20 17:38:57.242067-127.0.0.1-0e7
Site: jobpro.local
Form Dict: {'doc': '{"name":"Contact Us","owner":"janisha.g@groupteampro.com","creation":"2022-12-20 11:48:25.280708","modified":"2022-12-20 17:36:16.461171","modified_by":"janisha.g@groupteampro.com","docstatus":0,"idx":0,"business":"","page_title":"Contact Us","page_type":"Responsive","w_page_type":"Regular","use_page_builder":1,"published":1,"route":"p/contact-us","hf_settings":"Custom","header_component":"TEAMPRO","enable_side_menu":0,"side_menu_position":"Left","redirect_to_detail_":1,"sort_by":"ASC","edit_header_style":0,"menu_hover_bg":"#FFFFFF","is_transparent_header":0,"menu_hover_text_color":"#222222","menu_text_color":"#FFFFFF","enable_related_items":0,"related_records_count":"10","enable_recent_posts":0,"recent_records_count":5,"enable_sub_header":0,"title_text_transform":"None","enable_breadcrumbs":0,"is_transparent_sub_header":0,"container_max_width":"50%","dis_web_theme_subheader":0,"page_title_tag":"H1","title_text_align":"Left","text_color":"#ffffff","content":"<div class=\\"ql-editor read-mode\\"><p><img src=\\"/files/RAKwp5G.jpg\\" style=\\"\\" width=\\"704\\"></p><p><br></p><p><strong style=\\"color: rgb(113, 65, 177); font-size: 14px;\\">// CONTACT DETAILS</strong></p><h2><strong style=\\"font-size: 36px; color: rgb(27, 29, 33);\\">Contact us</strong></h2><p><span style=\\"color: rgb(109, 109, 109);\\">Give us a call or drop by anytime, we endeavour to answer all enquiries within&nbsp;Mon – Sat: 8.00 am – 7.00 pm&nbsp;on business days. We will be happy to answer your questions.</span></p><p><br></p><h6><img src=\\"/files/PvpbNxd.jpg\\" style=\\"\\" width=\\"37\\"> &nbsp; &nbsp; &nbsp; <strong style=\\"background-color: rgb(255, 255, 255); font-size: 16px; color: rgb(27, 29, 33);\\">Our Address:</strong></h6><p><span style=\\"background-color: rgb(255, 255, 255); font-size: 16px; color: rgb(109, 109, 109);\\"> &nbsp; &nbsp; &nbsp; &nbsp; &nbsp; No.61, 2nd Floor,Samayaouram Nagar,</span></p><p><span style=\\"background-color: rgb(255, 255, 255); font-size: 16px; color: rgb(109, 109, 109);\\"> &nbsp; &nbsp; &nbsp; &nbsp; &nbsp; 2nd Street,Karambakkam,Porur,</span></p><p><span style=\\"background-color: rgb(255, 255, 255); font-size: 16px; color: rgb(109, 109, 109);\\"> &nbsp; &nbsp; &nbsp; &nbsp; &nbsp; Chennai-116.</span></p><p><br></p><h6><img src=\\"/files/UxZ7H7s.jpg\\" style=\\"\\" width=\\"38\\"> &nbsp;<strong style=\\"background-color: rgb(255, 255, 255); font-size: 16px; color: rgb(27, 29, 33);\\">Our Mailbox:</strong></h6><p> &nbsp; &nbsp; &nbsp; &nbsp; &nbsp; &nbsp; &nbsp;<a href=\\"mailto:info@m3production.org\\" rel=\\"noopener noreferrer\\" style=\\"background-color: rgb(255, 255, 255); font-size: 16px; color: rgb(109, 109, 109);\\">info@m3production.org</a></p><p> &nbsp; &nbsp; &nbsp; &nbsp; &nbsp; &nbsp; &nbsp;<a href=\\"mailto:mritunjoy@m3production.org\\" rel=\\"noopener noreferrer\\" style=\\"background-color: rgb(255, 255, 255); font-size: 16px; color: rgb(109, 109, 109);\\">mritunjoy@m3production.org</a></p><p> &nbsp; &nbsp; &nbsp; &nbsp; &nbsp; &nbsp; &nbsp;<a href=\\"mailto:mohit.biswal@m3production.org\\" rel=\\"noopener noreferrer\\" style=\\"background-color: rgb(255, 255, 255); font-size: 16px; color: rgb(109, 109, 109);\\">mohit.biswal@m3production.org</a></p><p><br></p><h6><img src=\\"/files/6slgZOc.png\\" style=\\"\\" width=\\"43\\"> <strong style=\\"background-color: rgb(255, 255, 255); font-size: 16px; color: rgb(27, 29, 33);\\">Our Phone:</strong></h6><p><span style=\\"background-color: rgb(255, 255, 255); font-size: 16px; color: rgb(109, 109, 109);\\"> &nbsp; &nbsp; &nbsp; &nbsp; +91 7305016203</span></p><p><span style=\\"background-color: rgb(255, 255, 255); font-size: 16px; color: rgb(109, 109, 109);\\"> &nbsp; &nbsp; &nbsp; &nbsp; +91 7305068436</span></p><p><span style=\\"background-color: rgb(255, 255, 255); font-size: 16px; color: rgb(109, 109, 109);\\"> &nbsp; &nbsp; &nbsp; &nbsp; </span></p><p><br></p><p><br></p><p><br></p><p><br></p></div>","file_path":"","meta_title":"Contact Us","meta_description":"About: Contact Us","meta_keywords":"Contact, Us","is_converted_to_template":1,"is_location_based":0,"doctype":"Web Page Builder","web_section":[{"docstatus":0,"doctype":"Mobile Page Section","name":"new-mobile-page-section-1","__islocal":1,"__unsaved":1,"owner":"janisha.g@groupteampro.com","allow_update_to_style":1,"column_index":1,"parent":"Contact Us","parentfield":"web_section","parenttype":"Web Page Builder","idx":1,"section":"PS-22-00078","section_type":"Slider","content_type":""}],"mobile_section":[],"__onload":{"is_website_generator":true,"published":true},"__last_sync_on":"2022-12-20T12:08:33.420Z","__unsaved":1}', 'action': 'Save', 'cmd': 'frappe.desk.form.save.savedocs'}
2022-12-20 17:39:09,235 ERROR frappe New Exception collected with id: 2022-12-20 17:39:09.198748-127.0.0.1-022
Site: jobpro.local
Form Dict: {'doc': '{"name":"Contact Us","owner":"janisha.g@groupteampro.com","creation":"2022-12-20 11:48:25.280708","modified":"2022-12-20 17:36:16.461171","modified_by":"janisha.g@groupteampro.com","docstatus":0,"idx":0,"business":"","page_title":"Contact Us","page_type":"Responsive","w_page_type":"Regular","use_page_builder":1,"published":1,"route":"p/contact-us","hf_settings":"Custom","header_component":"TEAMPRO","enable_side_menu":0,"side_menu_position":"Left","redirect_to_detail_":1,"sort_by":"ASC","edit_header_style":0,"menu_hover_bg":"#FFFFFF","is_transparent_header":0,"menu_hover_text_color":"#222222","menu_text_color":"#FFFFFF","enable_related_items":0,"related_records_count":"10","enable_recent_posts":0,"recent_records_count":5,"enable_sub_header":0,"title_text_transform":"None","enable_breadcrumbs":0,"is_transparent_sub_header":0,"container_max_width":"50%","dis_web_theme_subheader":0,"page_title_tag":"H1","title_text_align":"Left","text_color":"#ffffff","content":"<div class=\\"ql-editor read-mode\\"><p><img src=\\"/files/RAKwp5G.jpg\\" style=\\"\\" width=\\"704\\"></p><p><br></p><p><strong style=\\"color: rgb(113, 65, 177); font-size: 14px;\\">// CONTACT DETAILS</strong></p><h2><strong style=\\"font-size: 36px; color: rgb(27, 29, 33);\\">Contact us</strong></h2><p><span style=\\"color: rgb(109, 109, 109);\\">Give us a call or drop by anytime, we endeavour to answer all enquiries within&nbsp;Mon – Sat: 8.00 am – 7.00 pm&nbsp;on business days. We will be happy to answer your questions.</span></p><p><br></p><h6><img src=\\"/files/PvpbNxd.jpg\\" style=\\"\\" width=\\"37\\"> &nbsp; &nbsp; &nbsp; <strong style=\\"background-color: rgb(255, 255, 255); font-size: 16px; color: rgb(27, 29, 33);\\">Our Address:</strong></h6><p><span style=\\"background-color: rgb(255, 255, 255); font-size: 16px; color: rgb(109, 109, 109);\\"> &nbsp; &nbsp; &nbsp; &nbsp; &nbsp; No.61, 2nd Floor,Samayaouram Nagar,</span></p><p><span style=\\"background-color: rgb(255, 255, 255); font-size: 16px; color: rgb(109, 109, 109);\\"> &nbsp; &nbsp; &nbsp; &nbsp; &nbsp; 2nd Street,Karambakkam,Porur,</span></p><p><span style=\\"background-color: rgb(255, 255, 255); font-size: 16px; color: rgb(109, 109, 109);\\"> &nbsp; &nbsp; &nbsp; &nbsp; &nbsp; Chennai-116.</span></p><p><br></p><h6><img src=\\"/files/UxZ7H7s.jpg\\" style=\\"\\" width=\\"38\\"> &nbsp;<strong style=\\"background-color: rgb(255, 255, 255); font-size: 16px; color: rgb(27, 29, 33);\\">Our Mailbox:</strong></h6><p> &nbsp; &nbsp; &nbsp; &nbsp; &nbsp; &nbsp; &nbsp;<a href=\\"mailto:info@m3production.org\\" rel=\\"noopener noreferrer\\" style=\\"background-color: rgb(255, 255, 255); font-size: 16px; color: rgb(109, 109, 109);\\">info@m3production.org</a></p><p> &nbsp; &nbsp; &nbsp; &nbsp; &nbsp; &nbsp; &nbsp;<a href=\\"mailto:mritunjoy@m3production.org\\" rel=\\"noopener noreferrer\\" style=\\"background-color: rgb(255, 255, 255); font-size: 16px; color: rgb(109, 109, 109);\\">mritunjoy@m3production.org</a></p><p> &nbsp; &nbsp; &nbsp; &nbsp; &nbsp; &nbsp; &nbsp;<a href=\\"mailto:mohit.biswal@m3production.org\\" rel=\\"noopener noreferrer\\" style=\\"background-color: rgb(255, 255, 255); font-size: 16px; color: rgb(109, 109, 109);\\">mohit.biswal@m3production.org</a></p><p><br></p><h6><img src=\\"/files/6slgZOc.png\\" style=\\"\\" width=\\"43\\"> <strong style=\\"background-color: rgb(255, 255, 255); font-size: 16px; color: rgb(27, 29, 33);\\">Our Phone:</strong></h6><p><span style=\\"background-color: rgb(255, 255, 255); font-size: 16px; color: rgb(109, 109, 109);\\"> &nbsp; &nbsp; &nbsp; &nbsp; +91 7305016203</span></p><p><span style=\\"background-color: rgb(255, 255, 255); font-size: 16px; color: rgb(109, 109, 109);\\"> &nbsp; &nbsp; &nbsp; &nbsp; +91 7305068436</span></p><p><span style=\\"background-color: rgb(255, 255, 255); font-size: 16px; color: rgb(109, 109, 109);\\"> &nbsp; &nbsp; &nbsp; &nbsp; </span></p><p><br></p><p><br></p><p><br></p><p><br></p></div>","file_path":"","meta_title":"Contact Us","meta_description":"About: Contact Us","meta_keywords":"Contact, Us","is_converted_to_template":1,"is_location_based":0,"doctype":"Web Page Builder","web_section":[{"docstatus":0,"doctype":"Mobile Page Section","name":"new-mobile-page-section-1","__islocal":1,"__unsaved":1,"owner":"janisha.g@groupteampro.com","allow_update_to_style":1,"column_index":1,"parent":"Contact Us","parentfield":"web_section","parenttype":"Web Page Builder","idx":1,"section":"PS-22-00078","section_type":"Slider","content_type":""},{"docstatus":0,"doctype":"Mobile Page Section","name":"new-mobile-page-section-2","__islocal":1,"__unsaved":1,"owner":"janisha.g@groupteampro.com","allow_update_to_style":1,"column_index":1,"parent":"Contact Us","parentfield":"web_section","parenttype":"Web Page Builder","idx":2,"section":"PS-22-00079","section_type":"Slider","content_type":""}],"mobile_section":[],"__onload":{"is_website_generator":true,"published":true},"__last_sync_on":"2022-12-20T12:08:33.420Z","__unsaved":1}', 'action': 'Save', 'cmd': 'frappe.desk.form.save.savedocs'}
2022-12-20 17:46:27,614 ERROR frappe New Exception collected with id: 2022-12-20 17:46:27.610338-127.0.0.1-18a
Site: jobpro.local
Form Dict: {'category': '', 'no_of_records': '1', 'cmd': 'go1_cms.go1_cms.doctype.web_page_builder.web_page_builder.get_shuffled_category_products'}
2022-12-20 17:46:28,156 ERROR frappe New Exception collected with id: 2022-12-20 17:46:28.146575-127.0.0.1-a58
Site: jobpro.local
Form Dict: {'category': '', 'no_of_records': '1', 'cmd': 'go1_cms.go1_cms.doctype.web_page_builder.web_page_builder.get_shuffled_category_products'}
2022-12-20 18:38:51,792 ERROR frappe New Exception collected with id: 2022-12-20 18:38:51.755997-127.0.0.1-61c
Site: jobpro.local
Form Dict: {'section': 'PS-22-00074', 'content_type': 'Data', 'cmd': 'go1_cms.go1_cms.doctype.web_page_builder.web_page_builder.get_section_content'}
2022-12-20 18:38:55,294 ERROR frappe New Exception collected with id: 2022-12-20 18:38:55.288603-127.0.0.1-465
Site: jobpro.local
Form Dict: {'section': 'PS-22-00074', 'content_type': 'Data', 'cmd': 'go1_cms.go1_cms.doctype.web_page_builder.web_page_builder.get_section_content'}
2022-12-21 13:52:56,692 ERROR frappe New Exception collected with id: 2022-12-21 13:52:56.463671-127.0.0.1-f57
Site: jobpro.local
Form Dict: {'doc': '{"name":"Contact Us","owner":"janisha.g@groupteampro.com","creation":"2022-12-20 11:48:25.280708","modified":"2022-12-21 13:37:08.630733","modified_by":"janisha.g@groupteampro.com","docstatus":0,"idx":0,"business":"","page_title":"Contact Us","page_type":"Responsive","w_page_type":"Regular","use_page_builder":1,"published":1,"route":"p/contact-us","hf_settings":"Custom","header_component":"TEAMPRO","enable_side_menu":0,"side_menu_position":"Left","redirect_to_detail_":1,"sort_by":"ASC","edit_header_style":0,"menu_hover_bg":"#FFFFFF","is_transparent_header":0,"menu_hover_text_color":"#222222","menu_text_color":"#FFFFFF","enable_related_items":0,"related_records_count":"10","enable_recent_posts":0,"recent_records_count":5,"enable_sub_header":0,"title_text_transform":"None","enable_breadcrumbs":0,"is_transparent_sub_header":0,"container_max_width":"50%","dis_web_theme_subheader":0,"page_title_tag":"H1","title_text_align":"Left","text_color":"#ffffff","content":"<div class=\\"ql-editor read-mode\\"><p><img src=\\"/files/RAKwp5G.jpg\\" style=\\"\\" width=\\"704\\"></p><p><br></p><p><strong style=\\"color: rgb(113, 65, 177); font-size: 14px;\\">// CONTACT DETAILS</strong></p><h2><strong style=\\"font-size: 36px; color: rgb(27, 29, 33);\\">Contact us</strong></h2><p><span style=\\"color: rgb(109, 109, 109);\\">Give us a call or drop by anytime, we endeavour to answer all enquiries within&nbsp;Mon – Sat: 8.00 am – 7.00 pm&nbsp;on business days. We will be happy to answer your questions.</span></p><p><br></p><h6><img src=\\"/files/PvpbNxd.jpg\\" style=\\"\\" width=\\"37\\"> &nbsp; &nbsp; &nbsp; <strong style=\\"background-color: rgb(255, 255, 255); font-size: 16px; color: rgb(27, 29, 33);\\">Our Address:</strong></h6><p><span style=\\"background-color: rgb(255, 255, 255); font-size: 16px; color: rgb(109, 109, 109);\\"> &nbsp; &nbsp; &nbsp; &nbsp; &nbsp; No.61, 2nd Floor,Samayaouram Nagar,</span></p><p><span style=\\"background-color: rgb(255, 255, 255); font-size: 16px; color: rgb(109, 109, 109);\\"> &nbsp; &nbsp; &nbsp; &nbsp; &nbsp; 2nd Street,Karambakkam,Porur,</span></p><p><span style=\\"background-color: rgb(255, 255, 255); font-size: 16px; color: rgb(109, 109, 109);\\"> &nbsp; &nbsp; &nbsp; &nbsp; &nbsp; Chennai-116.</span></p><p><br></p><h6><img src=\\"/files/UxZ7H7s.jpg\\" style=\\"\\" width=\\"38\\"> &nbsp;<strong style=\\"background-color: rgb(255, 255, 255); font-size: 16px; color: rgb(27, 29, 33);\\">Our Mailbox:</strong></h6><p> &nbsp; &nbsp; &nbsp; &nbsp; &nbsp; &nbsp; &nbsp;<a href=\\"mailto:info@m3production.org\\" rel=\\"noopener noreferrer\\" style=\\"background-color: rgb(255, 255, 255); font-size: 16px; color: rgb(109, 109, 109);\\">info@m3production.org</a></p><p> &nbsp; &nbsp; &nbsp; &nbsp; &nbsp; &nbsp; &nbsp;<a href=\\"mailto:mritunjoy@m3production.org\\" rel=\\"noopener noreferrer\\" style=\\"background-color: rgb(255, 255, 255); font-size: 16px; color: rgb(109, 109, 109);\\">mritunjoy@m3production.org</a></p><p> &nbsp; &nbsp; &nbsp; &nbsp; &nbsp; &nbsp; &nbsp;<a href=\\"mailto:mohit.biswal@m3production.org\\" rel=\\"noopener noreferrer\\" style=\\"background-color: rgb(255, 255, 255); font-size: 16px; color: rgb(109, 109, 109);\\">mohit.biswal@m3production.org</a></p><p><br></p><h6><img src=\\"/files/6slgZOc.png\\" style=\\"\\" width=\\"43\\"> <strong style=\\"background-color: rgb(255, 255, 255); font-size: 16px; color: rgb(27, 29, 33);\\">Our Phone:</strong></h6><p><span style=\\"background-color: rgb(255, 255, 255); font-size: 16px; color: rgb(109, 109, 109);\\"> &nbsp; &nbsp; &nbsp; &nbsp; +91 7305016203</span></p><p><span style=\\"background-color: rgb(255, 255, 255); font-size: 16px; color: rgb(109, 109, 109);\\"> &nbsp; &nbsp; &nbsp; &nbsp; +91 7305068436</span></p><p><span style=\\"background-color: rgb(255, 255, 255); font-size: 16px; color: rgb(109, 109, 109);\\"> &nbsp; &nbsp; &nbsp; &nbsp; </span></p><p><br></p><p><br></p><p><br></p><p><br></p></div>","file_path":"","meta_title":"Contact Us","meta_description":"About: Contact Us","meta_keywords":"Contact, Us","is_converted_to_template":1,"is_location_based":0,"doctype":"Web Page Builder","web_section":[{"name":"c6232f13a7","owner":"janisha.g@groupteampro.com","creation":"2022-12-20 11:48:25.280708","modified":"2022-12-21 13:37:08.630733","modified_by":"janisha.g@groupteampro.com","docstatus":0,"idx":1,"section":"PS-22-00087","section_title":"Content with slider 3","section_type":"Static Section","content_type":"","route":"content with slider 3","allow_update_to_style":1,"column_index":1,"parent":"Contact Us","parentfield":"web_section","parenttype":"Web Page Builder","doctype":"Mobile Page Section"},{"docstatus":0,"doctype":"Mobile Page Section","name":"new-mobile-page-section-1","__islocal":1,"__unsaved":1,"owner":"janisha.g@groupteampro.com","allow_update_to_style":1,"column_index":1,"parent":"Contact Us","parentfield":"web_section","parenttype":"Web Page Builder","idx":2,"section":"PS-22-00099","section_type":"Custom Section","content_type":""}],"mobile_section":[],"__onload":{"is_website_generator":true,"published":true},"__last_sync_on":"2022-12-21T08:22:25.738Z","__unsaved":1}', 'action': 'Save', 'cmd': 'frappe.desk.form.save.savedocs'}
2022-12-21 13:54:02,374 ERROR frappe New Exception collected with id: 2022-12-21 13:54:02.257581-127.0.0.1-0cc
Site: jobpro.local
Form Dict: {'doc': '{"name":"Contact Us","owner":"janisha.g@groupteampro.com","creation":"2022-12-20 11:48:25.280708","modified":"2022-12-21 13:37:08.630733","modified_by":"janisha.g@groupteampro.com","docstatus":0,"idx":0,"business":"","page_title":"Contact Us","page_type":"Responsive","w_page_type":"Regular","use_page_builder":1,"published":1,"route":"p/contact-us","hf_settings":"Custom","header_component":"TEAMPRO","enable_side_menu":0,"side_menu_position":"Left","redirect_to_detail_":1,"sort_by":"ASC","edit_header_style":0,"menu_hover_bg":"#FFFFFF","is_transparent_header":0,"menu_hover_text_color":"#222222","menu_text_color":"#FFFFFF","enable_related_items":0,"related_records_count":"10","enable_recent_posts":0,"recent_records_count":5,"enable_sub_header":0,"title_text_transform":"None","enable_breadcrumbs":0,"is_transparent_sub_header":0,"container_max_width":"50%","dis_web_theme_subheader":0,"page_title_tag":"H1","title_text_align":"Left","text_color":"#ffffff","content":"<div class=\\"ql-editor read-mode\\"><p><img src=\\"/files/RAKwp5G.jpg\\" style=\\"\\" width=\\"704\\"></p><p><br></p><p><strong style=\\"color: rgb(113, 65, 177); font-size: 14px;\\">// CONTACT DETAILS</strong></p><h2><strong style=\\"font-size: 36px; color: rgb(27, 29, 33);\\">Contact us</strong></h2><p><span style=\\"color: rgb(109, 109, 109);\\">Give us a call or drop by anytime, we endeavour to answer all enquiries within&nbsp;Mon – Sat: 8.00 am – 7.00 pm&nbsp;on business days. We will be happy to answer your questions.</span></p><p><br></p><h6><img src=\\"/files/PvpbNxd.jpg\\" style=\\"\\" width=\\"37\\"> &nbsp; &nbsp; &nbsp; <strong style=\\"background-color: rgb(255, 255, 255); font-size: 16px; color: rgb(27, 29, 33);\\">Our Address:</strong></h6><p><span style=\\"background-color: rgb(255, 255, 255); font-size: 16px; color: rgb(109, 109, 109);\\"> &nbsp; &nbsp; &nbsp; &nbsp; &nbsp; No.61, 2nd Floor,Samayaouram Nagar,</span></p><p><span style=\\"background-color: rgb(255, 255, 255); font-size: 16px; color: rgb(109, 109, 109);\\"> &nbsp; &nbsp; &nbsp; &nbsp; &nbsp; 2nd Street,Karambakkam,Porur,</span></p><p><span style=\\"background-color: rgb(255, 255, 255); font-size: 16px; color: rgb(109, 109, 109);\\"> &nbsp; &nbsp; &nbsp; &nbsp; &nbsp; Chennai-116.</span></p><p><br></p><h6><img src=\\"/files/UxZ7H7s.jpg\\" style=\\"\\" width=\\"38\\"> &nbsp;<strong style=\\"background-color: rgb(255, 255, 255); font-size: 16px; color: rgb(27, 29, 33);\\">Our Mailbox:</strong></h6><p> &nbsp; &nbsp; &nbsp; &nbsp; &nbsp; &nbsp; &nbsp;<a href=\\"mailto:info@m3production.org\\" rel=\\"noopener noreferrer\\" style=\\"background-color: rgb(255, 255, 255); font-size: 16px; color: rgb(109, 109, 109);\\">info@m3production.org</a></p><p> &nbsp; &nbsp; &nbsp; &nbsp; &nbsp; &nbsp; &nbsp;<a href=\\"mailto:mritunjoy@m3production.org\\" rel=\\"noopener noreferrer\\" style=\\"background-color: rgb(255, 255, 255); font-size: 16px; color: rgb(109, 109, 109);\\">mritunjoy@m3production.org</a></p><p> &nbsp; &nbsp; &nbsp; &nbsp; &nbsp; &nbsp; &nbsp;<a href=\\"mailto:mohit.biswal@m3production.org\\" rel=\\"noopener noreferrer\\" style=\\"background-color: rgb(255, 255, 255); font-size: 16px; color: rgb(109, 109, 109);\\">mohit.biswal@m3production.org</a></p><p><br></p><h6><img src=\\"/files/6slgZOc.png\\" style=\\"\\" width=\\"43\\"> <strong style=\\"background-color: rgb(255, 255, 255); font-size: 16px; color: rgb(27, 29, 33);\\">Our Phone:</strong></h6><p><span style=\\"background-color: rgb(255, 255, 255); font-size: 16px; color: rgb(109, 109, 109);\\"> &nbsp; &nbsp; &nbsp; &nbsp; +91 7305016203</span></p><p><span style=\\"background-color: rgb(255, 255, 255); font-size: 16px; color: rgb(109, 109, 109);\\"> &nbsp; &nbsp; &nbsp; &nbsp; +91 7305068436</span></p><p><span style=\\"background-color: rgb(255, 255, 255); font-size: 16px; color: rgb(109, 109, 109);\\"> &nbsp; &nbsp; &nbsp; &nbsp; </span></p><p><br></p><p><br></p><p><br></p><p><br></p></div>","file_path":"","meta_title":"Contact Us","meta_description":"About: Contact Us","meta_keywords":"Contact, Us","is_converted_to_template":1,"is_location_based":0,"doctype":"Web Page Builder","web_section":[{"name":"c6232f13a7","owner":"janisha.g@groupteampro.com","creation":"2022-12-20 11:48:25.280708","modified":"2022-12-21 13:37:08.630733","modified_by":"janisha.g@groupteampro.com","docstatus":0,"idx":1,"section":"PS-22-00087","section_title":"Content with slider 3","section_type":"Static Section","content_type":"","route":"content with slider 3","allow_update_to_style":1,"column_index":1,"parent":"Contact Us","parentfield":"web_section","parenttype":"Web Page Builder","doctype":"Mobile Page Section"},{"docstatus":0,"doctype":"Mobile Page Section","name":"new-mobile-page-section-1","__islocal":1,"__unsaved":1,"owner":"janisha.g@groupteampro.com","allow_update_to_style":1,"column_index":1,"parent":"Contact Us","parentfield":"web_section","parenttype":"Web Page Builder","idx":2,"section":"PS-22-00099","section_type":"Custom Section","content_type":""},{"docstatus":0,"doctype":"Mobile Page Section","name":"new-mobile-page-section-2","__islocal":1,"__unsaved":1,"owner":"janisha.g@groupteampro.com","allow_update_to_style":1,"column_index":1,"parent":"Contact Us","parentfield":"web_section","parenttype":"Web Page Builder","idx":3,"section":"PS-22-00100","section_type":"Static Section","content_type":""}],"mobile_section":[],"__onload":{"is_website_generator":true,"published":true},"__last_sync_on":"2022-12-21T08:22:25.738Z","__unsaved":1}', 'action': 'Save', 'cmd': 'frappe.desk.form.save.savedocs'}
2022-12-21 13:56:49,106 ERROR frappe New Exception collected with id: 2022-12-21 13:56:48.998548-127.0.0.1-78d
Site: jobpro.local
Form Dict: {'doc': '{"name":"Contact Us","owner":"janisha.g@groupteampro.com","creation":"2022-12-20 11:48:25.280708","modified":"2022-12-21 13:37:08.630733","modified_by":"janisha.g@groupteampro.com","docstatus":0,"idx":0,"business":"","page_title":"Contact Us","page_type":"Responsive","w_page_type":"Regular","use_page_builder":1,"published":1,"route":"p/contact-us","hf_settings":"Custom","header_component":"TEAMPRO","enable_side_menu":0,"side_menu_position":"Left","redirect_to_detail_":1,"sort_by":"ASC","edit_header_style":0,"menu_hover_bg":"#FFFFFF","is_transparent_header":0,"menu_hover_text_color":"#222222","menu_text_color":"#FFFFFF","enable_related_items":0,"related_records_count":"10","enable_recent_posts":0,"recent_records_count":5,"enable_sub_header":0,"title_text_transform":"None","enable_breadcrumbs":0,"is_transparent_sub_header":0,"container_max_width":"50%","dis_web_theme_subheader":0,"page_title_tag":"H1","title_text_align":"Left","text_color":"#ffffff","content":"<div class=\\"ql-editor read-mode\\"><p><img src=\\"/files/RAKwp5G.jpg\\" style=\\"\\" width=\\"704\\"></p><p><br></p><p><strong style=\\"color: rgb(113, 65, 177); font-size: 14px;\\">// CONTACT DETAILS</strong></p><h2><strong style=\\"font-size: 36px; color: rgb(27, 29, 33);\\">Contact us</strong></h2><p><span style=\\"color: rgb(109, 109, 109);\\">Give us a call or drop by anytime, we endeavour to answer all enquiries within&nbsp;Mon – Sat: 8.00 am – 7.00 pm&nbsp;on business days. We will be happy to answer your questions.</span></p><p><br></p><h6><img src=\\"/files/PvpbNxd.jpg\\" style=\\"\\" width=\\"37\\"> &nbsp; &nbsp; &nbsp; <strong style=\\"background-color: rgb(255, 255, 255); font-size: 16px; color: rgb(27, 29, 33);\\">Our Address:</strong></h6><p><span style=\\"background-color: rgb(255, 255, 255); font-size: 16px; color: rgb(109, 109, 109);\\"> &nbsp; &nbsp; &nbsp; &nbsp; &nbsp; No.61, 2nd Floor,Samayaouram Nagar,</span></p><p><span style=\\"background-color: rgb(255, 255, 255); font-size: 16px; color: rgb(109, 109, 109);\\"> &nbsp; &nbsp; &nbsp; &nbsp; &nbsp; 2nd Street,Karambakkam,Porur,</span></p><p><span style=\\"background-color: rgb(255, 255, 255); font-size: 16px; color: rgb(109, 109, 109);\\"> &nbsp; &nbsp; &nbsp; &nbsp; &nbsp; Chennai-116.</span></p><p><br></p><h6><img src=\\"/files/UxZ7H7s.jpg\\" style=\\"\\" width=\\"38\\"> &nbsp;<strong style=\\"background-color: rgb(255, 255, 255); font-size: 16px; color: rgb(27, 29, 33);\\">Our Mailbox:</strong></h6><p> &nbsp; &nbsp; &nbsp; &nbsp; &nbsp; &nbsp; &nbsp;<a href=\\"mailto:info@m3production.org\\" rel=\\"noopener noreferrer\\" style=\\"background-color: rgb(255, 255, 255); font-size: 16px; color: rgb(109, 109, 109);\\">info@m3production.org</a></p><p> &nbsp; &nbsp; &nbsp; &nbsp; &nbsp; &nbsp; &nbsp;<a href=\\"mailto:mritunjoy@m3production.org\\" rel=\\"noopener noreferrer\\" style=\\"background-color: rgb(255, 255, 255); font-size: 16px; color: rgb(109, 109, 109);\\">mritunjoy@m3production.org</a></p><p> &nbsp; &nbsp; &nbsp; &nbsp; &nbsp; &nbsp; &nbsp;<a href=\\"mailto:mohit.biswal@m3production.org\\" rel=\\"noopener noreferrer\\" style=\\"background-color: rgb(255, 255, 255); font-size: 16px; color: rgb(109, 109, 109);\\">mohit.biswal@m3production.org</a></p><p><br></p><h6><img src=\\"/files/6slgZOc.png\\" style=\\"\\" width=\\"43\\"> <strong style=\\"background-color: rgb(255, 255, 255); font-size: 16px; color: rgb(27, 29, 33);\\">Our Phone:</strong></h6><p><span style=\\"background-color: rgb(255, 255, 255); font-size: 16px; color: rgb(109, 109, 109);\\"> &nbsp; &nbsp; &nbsp; &nbsp; +91 7305016203</span></p><p><span style=\\"background-color: rgb(255, 255, 255); font-size: 16px; color: rgb(109, 109, 109);\\"> &nbsp; &nbsp; &nbsp; &nbsp; +91 7305068436</span></p><p><span style=\\"background-color: rgb(255, 255, 255); font-size: 16px; color: rgb(109, 109, 109);\\"> &nbsp; &nbsp; &nbsp; &nbsp; </span></p><p><br></p><p><br></p><p><br></p><p><br></p></div>","file_path":"","meta_title":"Contact Us","meta_description":"About: Contact Us","meta_keywords":"Contact, Us","is_converted_to_template":1,"is_location_based":0,"doctype":"Web Page Builder","web_section":[{"name":"c6232f13a7","owner":"janisha.g@groupteampro.com","creation":"2022-12-20 11:48:25.280708","modified":"2022-12-21 13:37:08.630733","modified_by":"janisha.g@groupteampro.com","docstatus":0,"idx":1,"section":"PS-22-00087","section_title":"Content with slider 3","section_type":"Static Section","content_type":"","route":"content with slider 3","allow_update_to_style":1,"column_index":1,"parent":"Contact Us","parentfield":"web_section","parenttype":"Web Page Builder","doctype":"Mobile Page Section"},{"docstatus":0,"doctype":"Mobile Page Section","name":"new-mobile-page-section-1","__islocal":1,"__unsaved":1,"owner":"janisha.g@groupteampro.com","allow_update_to_style":1,"column_index":1,"parent":"Contact Us","parentfield":"web_section","parenttype":"Web Page Builder","idx":2,"section":"PS-22-00101","section_type":"Custom Section","content_type":""}],"mobile_section":[],"__onload":{"is_website_generator":true,"published":true},"__last_sync_on":"2022-12-21T08:26:10.245Z","__unsaved":1}', 'action': 'Save', 'cmd': 'frappe.desk.form.save.savedocs'}
2022-12-21 14:24:47,986 ERROR frappe New Exception collected with id: 2022-12-21 14:24:47.805546-127.0.0.1-9f1
Site: jobpro.local
Form Dict: {'doc': '{"name":"Contact Us","owner":"janisha.g@groupteampro.com","creation":"2022-12-20 11:48:25.280708","modified":"2022-12-21 13:37:08.630733","modified_by":"janisha.g@groupteampro.com","docstatus":0,"idx":0,"business":"","page_title":"Contact Us","page_type":"Responsive","w_page_type":"Regular","use_page_builder":1,"published":1,"route":"p/contact-us","hf_settings":"Custom","header_component":"TEAMPRO","enable_side_menu":0,"side_menu_position":"Left","redirect_to_detail_":1,"sort_by":"ASC","edit_header_style":0,"menu_hover_bg":"#FFFFFF","is_transparent_header":0,"menu_hover_text_color":"#222222","menu_text_color":"#FFFFFF","enable_related_items":0,"related_records_count":"10","enable_recent_posts":0,"recent_records_count":5,"enable_sub_header":0,"title_text_transform":"None","enable_breadcrumbs":0,"is_transparent_sub_header":0,"container_max_width":"50%","dis_web_theme_subheader":0,"page_title_tag":"H1","title_text_align":"Left","text_color":"#ffffff","content":"<div class=\\"ql-editor read-mode\\"><p><img src=\\"/files/RAKwp5G.jpg\\" style=\\"\\" width=\\"704\\"></p><p><br></p><p><strong style=\\"color: rgb(113, 65, 177); font-size: 14px;\\">// CONTACT DETAILS</strong></p><h2><strong style=\\"font-size: 36px; color: rgb(27, 29, 33);\\">Contact us</strong></h2><p><span style=\\"color: rgb(109, 109, 109);\\">Give us a call or drop by anytime, we endeavour to answer all enquiries within&nbsp;Mon – Sat: 8.00 am – 7.00 pm&nbsp;on business days. We will be happy to answer your questions.</span></p><p><br></p><h6><img src=\\"/files/PvpbNxd.jpg\\" style=\\"\\" width=\\"37\\"> &nbsp; &nbsp; &nbsp; <strong style=\\"background-color: rgb(255, 255, 255); font-size: 16px; color: rgb(27, 29, 33);\\">Our Address:</strong></h6><p><span style=\\"background-color: rgb(255, 255, 255); font-size: 16px; color: rgb(109, 109, 109);\\"> &nbsp; &nbsp; &nbsp; &nbsp; &nbsp; No.61, 2nd Floor,Samayaouram Nagar,</span></p><p><span style=\\"background-color: rgb(255, 255, 255); font-size: 16px; color: rgb(109, 109, 109);\\"> &nbsp; &nbsp; &nbsp; &nbsp; &nbsp; 2nd Street,Karambakkam,Porur,</span></p><p><span style=\\"background-color: rgb(255, 255, 255); font-size: 16px; color: rgb(109, 109, 109);\\"> &nbsp; &nbsp; &nbsp; &nbsp; &nbsp; Chennai-116.</span></p><p><br></p><h6><img src=\\"/files/UxZ7H7s.jpg\\" style=\\"\\" width=\\"38\\"> &nbsp;<strong style=\\"background-color: rgb(255, 255, 255); font-size: 16px; color: rgb(27, 29, 33);\\">Our Mailbox:</strong></h6><p> &nbsp; &nbsp; &nbsp; &nbsp; &nbsp; &nbsp; &nbsp;<a href=\\"mailto:info@m3production.org\\" rel=\\"noopener noreferrer\\" style=\\"background-color: rgb(255, 255, 255); font-size: 16px; color: rgb(109, 109, 109);\\">info@m3production.org</a></p><p> &nbsp; &nbsp; &nbsp; &nbsp; &nbsp; &nbsp; &nbsp;<a href=\\"mailto:mritunjoy@m3production.org\\" rel=\\"noopener noreferrer\\" style=\\"background-color: rgb(255, 255, 255); font-size: 16px; color: rgb(109, 109, 109);\\">mritunjoy@m3production.org</a></p><p> &nbsp; &nbsp; &nbsp; &nbsp; &nbsp; &nbsp; &nbsp;<a href=\\"mailto:mohit.biswal@m3production.org\\" rel=\\"noopener noreferrer\\" style=\\"background-color: rgb(255, 255, 255); font-size: 16px; color: rgb(109, 109, 109);\\">mohit.biswal@m3production.org</a></p><p><br></p><h6><img src=\\"/files/6slgZOc.png\\" style=\\"\\" width=\\"43\\"> <strong style=\\"background-color: rgb(255, 255, 255); font-size: 16px; color: rgb(27, 29, 33);\\">Our Phone:</strong></h6><p><span style=\\"background-color: rgb(255, 255, 255); font-size: 16px; color: rgb(109, 109, 109);\\"> &nbsp; &nbsp; &nbsp; &nbsp; +91 7305016203</span></p><p><span style=\\"background-color: rgb(255, 255, 255); font-size: 16px; color: rgb(109, 109, 109);\\"> &nbsp; &nbsp; &nbsp; &nbsp; +91 7305068436</span></p><p><span style=\\"background-color: rgb(255, 255, 255); font-size: 16px; color: rgb(109, 109, 109);\\"> &nbsp; &nbsp; &nbsp; &nbsp; </span></p><p><br></p><p><br></p><p><br></p><p><br></p></div>","file_path":"","meta_title":"Contact Us","meta_description":"About: Contact Us","meta_keywords":"Contact, Us","is_converted_to_template":1,"is_location_based":0,"doctype":"Web Page Builder","web_section":[{"name":"c6232f13a7","owner":"janisha.g@groupteampro.com","creation":"2022-12-20 11:48:25.280708","modified":"2022-12-21 13:37:08.630733","modified_by":"janisha.g@groupteampro.com","docstatus":0,"idx":1,"section":"PS-22-00087","section_title":"Content with slider 3","section_type":"Static Section","content_type":"","route":"content with slider 3","allow_update_to_style":1,"column_index":1,"parent":"Contact Us","parentfield":"web_section","parenttype":"Web Page Builder","doctype":"Mobile Page Section"},{"docstatus":0,"doctype":"Mobile Page Section","name":"new-mobile-page-section-1","__islocal":1,"__unsaved":1,"owner":"janisha.g@groupteampro.com","allow_update_to_style":1,"column_index":1,"parent":"Contact Us","parentfield":"web_section","parenttype":"Web Page Builder","idx":2,"section":"PS-22-00101","section_type":"Custom Section","content_type":""},{"docstatus":0,"doctype":"Mobile Page Section","name":"new-mobile-page-section-2","__islocal":1,"__unsaved":1,"owner":"janisha.g@groupteampro.com","allow_update_to_style":1,"column_index":1,"parent":"Contact Us","parentfield":"web_section","parenttype":"Web Page Builder","idx":3,"section":"PS-22-00102","section_type":"Slider","content_type":""}],"mobile_section":[],"__onload":{"is_website_generator":true,"published":true},"__last_sync_on":"2022-12-21T08:26:10.245Z","__unsaved":1}', 'action': 'Save', 'cmd': 'frappe.desk.form.save.savedocs'}
2022-12-21 14:26:41,187 ERROR frappe New Exception collected with id: 2022-12-21 14:26:41.127358-127.0.0.1-c56
Site: jobpro.local
Form Dict: {'doc': '{"name":"Contact Us","owner":"janisha.g@groupteampro.com","creation":"2022-12-20 11:48:25.280708","modified":"2022-12-21 13:37:08.630733","modified_by":"janisha.g@groupteampro.com","docstatus":0,"idx":0,"business":"","page_title":"Contact Us","page_type":"Responsive","w_page_type":"Regular","use_page_builder":1,"published":1,"route":"p/contact-us","hf_settings":"Custom","header_component":"TEAMPRO","enable_side_menu":0,"side_menu_position":"Left","redirect_to_detail_":1,"sort_by":"ASC","edit_header_style":0,"menu_hover_bg":"#FFFFFF","is_transparent_header":0,"menu_hover_text_color":"#222222","menu_text_color":"#FFFFFF","enable_related_items":0,"related_records_count":"10","enable_recent_posts":0,"recent_records_count":5,"enable_sub_header":0,"title_text_transform":"None","enable_breadcrumbs":0,"is_transparent_sub_header":0,"container_max_width":"50%","dis_web_theme_subheader":0,"page_title_tag":"H1","title_text_align":"Left","text_color":"#ffffff","content":"<div class=\\"ql-editor read-mode\\"><p><img src=\\"/files/RAKwp5G.jpg\\" style=\\"\\" width=\\"704\\"></p><p><br></p><p><strong style=\\"color: rgb(113, 65, 177); font-size: 14px;\\">// CONTACT DETAILS</strong></p><h2><strong style=\\"font-size: 36px; color: rgb(27, 29, 33);\\">Contact us</strong></h2><p><span style=\\"color: rgb(109, 109, 109);\\">Give us a call or drop by anytime, we endeavour to answer all enquiries within&nbsp;Mon – Sat: 8.00 am – 7.00 pm&nbsp;on business days. We will be happy to answer your questions.</span></p><p><br></p><h6><img src=\\"/files/PvpbNxd.jpg\\" style=\\"\\" width=\\"37\\"> &nbsp; &nbsp; &nbsp; <strong style=\\"background-color: rgb(255, 255, 255); font-size: 16px; color: rgb(27, 29, 33);\\">Our Address:</strong></h6><p><span style=\\"background-color: rgb(255, 255, 255); font-size: 16px; color: rgb(109, 109, 109);\\"> &nbsp; &nbsp; &nbsp; &nbsp; &nbsp; No.61, 2nd Floor,Samayaouram Nagar,</span></p><p><span style=\\"background-color: rgb(255, 255, 255); font-size: 16px; color: rgb(109, 109, 109);\\"> &nbsp; &nbsp; &nbsp; &nbsp; &nbsp; 2nd Street,Karambakkam,Porur,</span></p><p><span style=\\"background-color: rgb(255, 255, 255); font-size: 16px; color: rgb(109, 109, 109);\\"> &nbsp; &nbsp; &nbsp; &nbsp; &nbsp; Chennai-116.</span></p><p><br></p><h6><img src=\\"/files/UxZ7H7s.jpg\\" style=\\"\\" width=\\"38\\"> &nbsp;<strong style=\\"background-color: rgb(255, 255, 255); font-size: 16px; color: rgb(27, 29, 33);\\">Our Mailbox:</strong></h6><p> &nbsp; &nbsp; &nbsp; &nbsp; &nbsp; &nbsp; &nbsp;<a href=\\"mailto:info@m3production.org\\" rel=\\"noopener noreferrer\\" style=\\"background-color: rgb(255, 255, 255); font-size: 16px; color: rgb(109, 109, 109);\\">info@m3production.org</a></p><p> &nbsp; &nbsp; &nbsp; &nbsp; &nbsp; &nbsp; &nbsp;<a href=\\"mailto:mritunjoy@m3production.org\\" rel=\\"noopener noreferrer\\" style=\\"background-color: rgb(255, 255, 255); font-size: 16px; color: rgb(109, 109, 109);\\">mritunjoy@m3production.org</a></p><p> &nbsp; &nbsp; &nbsp; &nbsp; &nbsp; &nbsp; &nbsp;<a href=\\"mailto:mohit.biswal@m3production.org\\" rel=\\"noopener noreferrer\\" style=\\"background-color: rgb(255, 255, 255); font-size: 16px; color: rgb(109, 109, 109);\\">mohit.biswal@m3production.org</a></p><p><br></p><h6><img src=\\"/files/6slgZOc.png\\" style=\\"\\" width=\\"43\\"> <strong style=\\"background-color: rgb(255, 255, 255); font-size: 16px; color: rgb(27, 29, 33);\\">Our Phone:</strong></h6><p><span style=\\"background-color: rgb(255, 255, 255); font-size: 16px; color: rgb(109, 109, 109);\\"> &nbsp; &nbsp; &nbsp; &nbsp; +91 7305016203</span></p><p><span style=\\"background-color: rgb(255, 255, 255); font-size: 16px; color: rgb(109, 109, 109);\\"> &nbsp; &nbsp; &nbsp; &nbsp; +91 7305068436</span></p><p><span style=\\"background-color: rgb(255, 255, 255); font-size: 16px; color: rgb(109, 109, 109);\\"> &nbsp; &nbsp; &nbsp; &nbsp; </span></p><p><br></p><p><br></p><p><br></p><p><br></p></div>","file_path":"","meta_title":"Contact Us","meta_description":"About: Contact Us","meta_keywords":"Contact, Us","is_converted_to_template":1,"is_location_based":0,"doctype":"Web Page Builder","web_section":[{"name":"c6232f13a7","owner":"janisha.g@groupteampro.com","creation":"2022-12-20 11:48:25.280708","modified":"2022-12-21 13:37:08.630733","modified_by":"janisha.g@groupteampro.com","docstatus":0,"idx":1,"section":"PS-22-00087","section_title":"Content with slider 3","section_type":"Static Section","content_type":"","route":"content with slider 3","allow_update_to_style":1,"column_index":1,"parent":"Contact Us","parentfield":"web_section","parenttype":"Web Page Builder","doctype":"Mobile Page Section"},{"docstatus":0,"doctype":"Mobile Page Section","name":"new-mobile-page-section-1","__islocal":1,"__unsaved":1,"owner":"janisha.g@groupteampro.com","allow_update_to_style":1,"column_index":1,"parent":"Contact Us","parentfield":"web_section","parenttype":"Web Page Builder","idx":2,"section":"PS-22-00103","section_type":"Slider","content_type":""}],"mobile_section":[],"__onload":{"is_website_generator":true,"published":true},"__last_sync_on":"2022-12-21T08:56:18.233Z","__unsaved":1}', 'action': 'Save', 'cmd': 'frappe.desk.form.save.savedocs'}
2022-12-21 14:27:27,051 ERROR frappe New Exception collected with id: 2022-12-21 14:27:27.004017-127.0.0.1-112
Site: jobpro.local
Form Dict: {'doc': '{"name":"Contact Us","owner":"janisha.g@groupteampro.com","creation":"2022-12-20 11:48:25.280708","modified":"2022-12-21 13:37:08.630733","modified_by":"janisha.g@groupteampro.com","docstatus":0,"idx":0,"business":"","page_title":"Contact Us","page_type":"Responsive","w_page_type":"Regular","use_page_builder":1,"published":1,"route":"p/contact-us","hf_settings":"Custom","header_component":"TEAMPRO","enable_side_menu":0,"side_menu_position":"Left","redirect_to_detail_":1,"sort_by":"ASC","edit_header_style":0,"menu_hover_bg":"#FFFFFF","is_transparent_header":0,"menu_hover_text_color":"#222222","menu_text_color":"#FFFFFF","enable_related_items":0,"related_records_count":"10","enable_recent_posts":0,"recent_records_count":5,"enable_sub_header":0,"title_text_transform":"None","enable_breadcrumbs":0,"is_transparent_sub_header":0,"container_max_width":"50%","dis_web_theme_subheader":0,"page_title_tag":"H1","title_text_align":"Left","text_color":"#ffffff","content":"<div class=\\"ql-editor read-mode\\"><p><img src=\\"/files/RAKwp5G.jpg\\" style=\\"\\" width=\\"704\\"></p><p><br></p><p><strong style=\\"color: rgb(113, 65, 177); font-size: 14px;\\">// CONTACT DETAILS</strong></p><h2><strong style=\\"font-size: 36px; color: rgb(27, 29, 33);\\">Contact us</strong></h2><p><span style=\\"color: rgb(109, 109, 109);\\">Give us a call or drop by anytime, we endeavour to answer all enquiries within&nbsp;Mon – Sat: 8.00 am – 7.00 pm&nbsp;on business days. We will be happy to answer your questions.</span></p><p><br></p><h6><img src=\\"/files/PvpbNxd.jpg\\" style=\\"\\" width=\\"37\\"> &nbsp; &nbsp; &nbsp; <strong style=\\"background-color: rgb(255, 255, 255); font-size: 16px; color: rgb(27, 29, 33);\\">Our Address:</strong></h6><p><span style=\\"background-color: rgb(255, 255, 255); font-size: 16px; color: rgb(109, 109, 109);\\"> &nbsp; &nbsp; &nbsp; &nbsp; &nbsp; No.61, 2nd Floor,Samayaouram Nagar,</span></p><p><span style=\\"background-color: rgb(255, 255, 255); font-size: 16px; color: rgb(109, 109, 109);\\"> &nbsp; &nbsp; &nbsp; &nbsp; &nbsp; 2nd Street,Karambakkam,Porur,</span></p><p><span style=\\"background-color: rgb(255, 255, 255); font-size: 16px; color: rgb(109, 109, 109);\\"> &nbsp; &nbsp; &nbsp; &nbsp; &nbsp; Chennai-116.</span></p><p><br></p><h6><img src=\\"/files/UxZ7H7s.jpg\\" style=\\"\\" width=\\"38\\"> &nbsp;<strong style=\\"background-color: rgb(255, 255, 255); font-size: 16px; color: rgb(27, 29, 33);\\">Our Mailbox:</strong></h6><p> &nbsp; &nbsp; &nbsp; &nbsp; &nbsp; &nbsp; &nbsp;<a href=\\"mailto:info@m3production.org\\" rel=\\"noopener noreferrer\\" style=\\"background-color: rgb(255, 255, 255); font-size: 16px; color: rgb(109, 109, 109);\\">info@m3production.org</a></p><p> &nbsp; &nbsp; &nbsp; &nbsp; &nbsp; &nbsp; &nbsp;<a href=\\"mailto:mritunjoy@m3production.org\\" rel=\\"noopener noreferrer\\" style=\\"background-color: rgb(255, 255, 255); font-size: 16px; color: rgb(109, 109, 109);\\">mritunjoy@m3production.org</a></p><p> &nbsp; &nbsp; &nbsp; &nbsp; &nbsp; &nbsp; &nbsp;<a href=\\"mailto:mohit.biswal@m3production.org\\" rel=\\"noopener noreferrer\\" style=\\"background-color: rgb(255, 255, 255); font-size: 16px; color: rgb(109, 109, 109);\\">mohit.biswal@m3production.org</a></p><p><br></p><h6><img src=\\"/files/6slgZOc.png\\" style=\\"\\" width=\\"43\\"> <strong style=\\"background-color: rgb(255, 255, 255); font-size: 16px; color: rgb(27, 29, 33);\\">Our Phone:</strong></h6><p><span style=\\"background-color: rgb(255, 255, 255); font-size: 16px; color: rgb(109, 109, 109);\\"> &nbsp; &nbsp; &nbsp; &nbsp; +91 7305016203</span></p><p><span style=\\"background-color: rgb(255, 255, 255); font-size: 16px; color: rgb(109, 109, 109);\\"> &nbsp; &nbsp; &nbsp; &nbsp; +91 7305068436</span></p><p><span style=\\"background-color: rgb(255, 255, 255); font-size: 16px; color: rgb(109, 109, 109);\\"> &nbsp; &nbsp; &nbsp; &nbsp; </span></p><p><br></p><p><br></p><p><br></p><p><br></p></div>","file_path":"","meta_title":"Contact Us","meta_description":"About: Contact Us","meta_keywords":"Contact, Us","is_converted_to_template":1,"is_location_based":0,"doctype":"Web Page Builder","web_section":[{"name":"c6232f13a7","owner":"janisha.g@groupteampro.com","creation":"2022-12-20 11:48:25.280708","modified":"2022-12-21 13:37:08.630733","modified_by":"janisha.g@groupteampro.com","docstatus":0,"idx":1,"section":"PS-22-00087","section_title":"Content with slider 3","section_type":"Static Section","content_type":"","route":"content with slider 3","allow_update_to_style":1,"column_index":1,"parent":"Contact Us","parentfield":"web_section","parenttype":"Web Page Builder","doctype":"Mobile Page Section"},{"docstatus":0,"doctype":"Mobile Page Section","name":"new-mobile-page-section-1","__islocal":1,"__unsaved":1,"owner":"janisha.g@groupteampro.com","allow_update_to_style":1,"column_index":1,"parent":"Contact Us","parentfield":"web_section","parenttype":"Web Page Builder","idx":2,"section":"PS-22-00103","section_type":"Slider","content_type":""},{"docstatus":0,"doctype":"Mobile Page Section","name":"new-mobile-page-section-2","__islocal":1,"__unsaved":1,"owner":"janisha.g@groupteampro.com","allow_update_to_style":1,"column_index":1,"parent":"Contact Us","parentfield":"web_section","parenttype":"Web Page Builder","idx":3,"section":"PS-22-00104","section_type":"Predefined Section","content_type":""}],"mobile_section":[],"__onload":{"is_website_generator":true,"published":true},"__last_sync_on":"2022-12-21T08:56:18.233Z","__unsaved":1}', 'action': 'Save', 'cmd': 'frappe.desk.form.save.savedocs'}
2022-12-23 11:36:36,815 ERROR frappe New Exception collected with id: 2022-12-23 11:36:36.565370-127.0.0.1-b04
Site: jobpro.local
Form Dict: {}
